<?xml version="1.0" encoding="UTF-8"?>
<testsuite name="pl.edu.mimuw.MatrixNormTest$NormOneTest" tests="5" skipped="0" failures="0" errors="0" timestamp="2022-05-17T20:50:38" hostname="debian" time="0.032">
  <properties/>
  <testcase name="testVector()" classname="pl.edu.mimuw.MatrixNormTest$NormOneTest" time="0.004"/>
  <testcase name="testDiagonal()" classname="pl.edu.mimuw.MatrixNormTest$NormOneTest" time="0.001"/>
  <testcase name="testSparseMatrices()" classname="pl.edu.mimuw.MatrixNormTest$NormOneTest" time="0.003"/>
  <testcase name="testFullMatrices()" classname="pl.edu.mimuw.MatrixNormTest$NormOneTest" time="0.001"/>
  <testcase name="testAntiDiagonal()" classname="pl.edu.mimuw.MatrixNormTest$NormOneTest" time="0.005"/>
  <system-out><![CDATA[]]></system-out>
  <system-err><![CDATA[]]></system-err>
</testsuite>
